
FILE [INFO ] 2021-12-05 14:56:24,769 main Sort manager project - Quick sort method chosen
FILE [INFO ] 2021-12-05 14:56:24,771 main Sort manager project - You picked Array sorting
FILE [INFO ] 2021-12-05 14:57:08,429 main Sort manager project - Goodbye. Exiting...
FILE [WARN ] 2021-12-05 15:39:33,936 main Sort manager project - Invalid input, please try again...
FILE [INFO ] 2021-12-05 15:39:50,841 main Sort manager project - Bubble sort method chosen
FILE [INFO ] 2021-12-05 15:39:50,849 main Sort manager project - You picked List sorting
FILE [INFO ] 2021-12-05 15:40:34,155 main Sort manager project - Bubble sort method chosen
FILE [INFO ] 2021-12-05 15:40:34,163 main Sort manager project - You picked Array sorting
FILE [INFO ] 2021-12-05 15:40:34,163 main Sort manager project - Quick sort method chosen
FILE [INFO ] 2021-12-05 15:40:34,163 main Sort manager project - You picked Array sorting
FILE [INFO ] 2021-12-05 15:40:57,954 main Sort manager project - Goodbye. Exiting...
FILE [INFO ] 2021-12-05 16:27:55,370 main Sort manager project - Bubble sort method chosen
FILE [INFO ] 2021-12-05 16:27:55,378 main Sort manager project - You picked Array sorting
FILE [INFO ] 2021-12-05 17:09:45,511 main Sort manager project - Bubble sort method chosen
FILE [INFO ] 2021-12-05 17:09:45,519 main Sort manager project - You picked Array sorting
FILE [INFO ] 2021-12-05 17:30:26,964 main Sort manager project - Bubble sort method chosen
FILE [INFO ] 2021-12-05 17:30:26,969 main Sort manager project - You picked List sorting
FILE [INFO ] 2021-12-05 17:30:26,973 main Sort manager project - Quick sort method chosen
FILE [INFO ] 2021-12-05 17:30:26,973 main Sort manager project - You picked List sorting
FILE [INFO ] 2021-12-05 17:34:51,977 main Sort manager project - Binary tree sort method chosen
FILE [INFO ] 2021-12-05 17:36:09,868 main Sort manager project - Binary tree sort method chosen
